#! /usr/bin/vvp
:ivl_version "11.0 (stable)";
:ivl_delay_selection "TYPICAL";
:vpi_time_precision - 12;
:vpi_module "/usr/lib/x86_64-linux-gnu/ivl/system.vpi";
:vpi_module "/usr/lib/x86_64-linux-gnu/ivl/vhdl_sys.vpi";
:vpi_module "/usr/lib/x86_64-linux-gnu/ivl/vhdl_textio.vpi";
:vpi_module "/usr/lib/x86_64-linux-gnu/ivl/v2005_math.vpi";
:vpi_module "/usr/lib/x86_64-linux-gnu/ivl/va_math.vpi";
S_0x561c399764b0 .scope module, "randomtb" "randomtb" 2 54;
 .timescale -9 -12;
v0x561c3998b720_0 .net "Y", 0 0, v0x561c3998b5e0_0;  1 drivers
v0x561c3998b7e0_0 .var "clock", 0 0;
v0x561c3998b8b0_0 .var "reset", 0 0;
v0x561c3998b9b0_0 .var "x", 0 0;
S_0x561c39976640 .scope module, "fsm2" "givenfsm" 2 58, 2 1 0, S_0x561c399764b0;
 .timescale 0 0;
    .port_info 0 /INPUT 1 "clock";
    .port_info 1 /INPUT 1 "x";
    .port_info 2 /INPUT 1 "reset";
    .port_info 3 /OUTPUT 1 "y";
P_0x561c3993b620 .param/l "A" 0 2 4, +C4<00000000000000000000000000000000>;
P_0x561c3993b660 .param/l "B" 0 2 4, +C4<00000000000000000000000000000001>;
P_0x561c3993b6a0 .param/l "C" 0 2 4, +C4<00000000000000000000000000000010>;
v0x561c39939cf0_0 .var "NS", 0 1;
v0x561c3998b260_0 .var "PS", 0 1;
v0x561c3998b340_0 .net "clock", 0 0, v0x561c3998b7e0_0;  1 drivers
v0x561c3998b410_0 .net "reset", 0 0, v0x561c3998b8b0_0;  1 drivers
v0x561c3998b4d0_0 .net "x", 0 0, v0x561c3998b9b0_0;  1 drivers
v0x561c3998b5e0_0 .var "y", 0 0;
E_0x561c3993a710 .event edge, v0x561c3998b4d0_0, v0x561c3998b260_0;
E_0x561c39972b30 .event posedge, v0x561c3998b410_0, v0x561c3998b340_0;
    .scope S_0x561c39976640;
T_0 ;
    %wait E_0x561c39972b30;
    %load/vec4 v0x561c3998b410_0;
    %flag_set/vec4 8;
    %jmp/0xz  T_0.0, 8;
    %pushi/vec4 0, 0, 2;
    %assign/vec4 v0x561c3998b260_0, 0;
    %pushi/vec4 0, 0, 1;
    %store/vec4 v0x561c3998b5e0_0, 0, 1;
    %jmp T_0.1;
T_0.0 ;
    %load/vec4 v0x561c39939cf0_0;
    %assign/vec4 v0x561c3998b260_0, 0;
T_0.1 ;
    %jmp T_0;
    .thread T_0;
    .scope S_0x561c39976640;
T_1 ;
    %wait E_0x561c3993a710;
    %load/vec4 v0x561c3998b260_0;
    %dup/vec4;
    %pushi/vec4 0, 0, 2;
    %cmp/u;
    %jmp/1 T_1.0, 6;
    %dup/vec4;
    %pushi/vec4 1, 0, 2;
    %cmp/u;
    %jmp/1 T_1.1, 6;
    %dup/vec4;
    %pushi/vec4 2, 0, 2;
    %cmp/u;
    %jmp/1 T_1.2, 6;
    %jmp T_1.3;
T_1.0 ;
    %load/vec4 v0x561c3998b4d0_0;
    %flag_set/vec4 8;
    %jmp/0 T_1.4, 8;
    %pushi/vec4 0, 0, 1;
    %jmp/1 T_1.5, 8;
T_1.4 ; End of true expr.
    %pushi/vec4 0, 0, 1;
    %jmp/0 T_1.5, 8;
 ; End of false expr.
    %blend;
T_1.5;
    %store/vec4 v0x561c3998b5e0_0, 0, 1;
    %load/vec4 v0x561c3998b4d0_0;
    %flag_set/vec4 8;
    %jmp/0 T_1.6, 8;
    %pushi/vec4 2, 0, 32;
    %jmp/1 T_1.7, 8;
T_1.6 ; End of true expr.
    %pushi/vec4 1, 0, 32;
    %jmp/0 T_1.7, 8;
 ; End of false expr.
    %blend;
T_1.7;
    %pad/s 2;
    %store/vec4 v0x561c39939cf0_0, 0, 2;
    %jmp T_1.3;
T_1.1 ;
    %load/vec4 v0x561c3998b4d0_0;
    %flag_set/vec4 8;
    %jmp/0 T_1.8, 8;
    %pushi/vec4 1, 0, 2;
    %jmp/1 T_1.9, 8;
T_1.8 ; End of true expr.
    %pushi/vec4 0, 0, 2;
    %jmp/0 T_1.9, 8;
 ; End of false expr.
    %blend;
T_1.9;
    %pad/s 1;
    %store/vec4 v0x561c3998b5e0_0, 0, 1;
    %load/vec4 v0x561c3998b4d0_0;
    %flag_set/vec4 8;
    %jmp/0 T_1.10, 8;
    %pushi/vec4 2, 0, 32;
    %jmp/1 T_1.11, 8;
T_1.10 ; End of true expr.
    %pushi/vec4 1, 0, 32;
    %jmp/0 T_1.11, 8;
 ; End of false expr.
    %blend;
T_1.11;
    %pad/s 2;
    %store/vec4 v0x561c39939cf0_0, 0, 2;
    %jmp T_1.3;
T_1.2 ;
    %load/vec4 v0x561c3998b4d0_0;
    %flag_set/vec4 8;
    %jmp/0 T_1.12, 8;
    %pushi/vec4 0, 0, 2;
    %jmp/1 T_1.13, 8;
T_1.12 ; End of true expr.
    %pushi/vec4 1, 0, 2;
    %jmp/0 T_1.13, 8;
 ; End of false expr.
    %blend;
T_1.13;
    %pad/s 1;
    %store/vec4 v0x561c3998b5e0_0, 0, 1;
    %load/vec4 v0x561c3998b4d0_0;
    %flag_set/vec4 8;
    %jmp/0 T_1.14, 8;
    %pushi/vec4 2, 0, 32;
    %jmp/1 T_1.15, 8;
T_1.14 ; End of true expr.
    %pushi/vec4 1, 0, 32;
    %jmp/0 T_1.15, 8;
 ; End of false expr.
    %blend;
T_1.15;
    %pad/s 2;
    %store/vec4 v0x561c39939cf0_0, 0, 2;
    %jmp T_1.3;
T_1.3 ;
    %pop/vec4 1;
    %jmp T_1;
    .thread T_1, $push;
    .scope S_0x561c399764b0;
T_2 ;
    %vpi_call 2 61 "$dumpfile", "fsm2.vcd" {0 0 0};
    %vpi_call 2 62 "$dumpvars", 32'sb00000000000000000000000000000000, S_0x561c399764b0 {0 0 0};
    %pushi/vec4 0, 0, 1;
    %store/vec4 v0x561c3998b7e0_0, 0, 1;
    %pushi/vec4 1, 0, 1;
    %store/vec4 v0x561c3998b8b0_0, 0, 1;
    %end;
    .thread T_2;
    .scope S_0x561c399764b0;
T_3 ;
    %delay 5000, 0;
    %load/vec4 v0x561c3998b7e0_0;
    %inv;
    %store/vec4 v0x561c3998b7e0_0, 0, 1;
    %jmp T_3;
    .thread T_3;
    .scope S_0x561c399764b0;
T_4 ;
    %delay 20000, 0;
    %load/vec4 v0x561c3998b8b0_0;
    %inv;
    %store/vec4 v0x561c3998b8b0_0, 0, 1;
    %jmp T_4;
    .thread T_4;
    .scope S_0x561c399764b0;
T_5 ;
    %pushi/vec4 10, 0, 32;
T_5.0 %dup/vec4;
    %pushi/vec4 0, 0, 32;
    %cmp/s;
    %jmp/1xz T_5.1, 5;
    %jmp/1 T_5.1, 4;
    %pushi/vec4 1, 0, 32;
    %sub;
    %delay 10000, 0;
    %vpi_func 2 71 "$random" 32 {0 0 0};
    %pushi/vec4 2, 0, 32;
    %mod;
    %pad/u 1;
    %store/vec4 v0x561c3998b9b0_0, 0, 1;
    %delay 10000, 0;
    %vpi_call 2 72 "$display", "x=%0d", v0x561c3998b9b0_0 {0 0 0};
    %jmp T_5.0;
T_5.1 ;
    %pop/vec4 1;
    %delay 10000, 0;
    %vpi_call 2 74 "$finish" {0 0 0};
    %end;
    .thread T_5;
# The file index is used to find the file name in the following table.
:file_names 3;
    "N/A";
    "<interactive>";
    "IMT2022571_FSM.v";
